<?xml version="1.0" encoding="UTF-8"?>
<!-- Generated by org.testng.reporters.JUnitReportReporter -->
<testsuite hostname="DESKTOP-H00KT5A" failures="0" tests="1" name="com.mavenTest.MavenDemo2" time="4.380" errors="0" timestamp="03 Jul 2023 05:58:50 GMT" skipped="0">
  <testcase classname="com.mavenTest.MavenDemo2" name="login" time="4.380"/>
</testsuite> <!-- com.mavenTest.MavenDemo2 -->
