<?xml version="1.0" encoding="UTF-8"?>
<!-- Generated by org.testng.reporters.JUnitReportReporter -->
<testsuite hostname="DESKTOP-H00KT5A" failures="0" tests="1" name="MavenDemo1" time="7.665" errors="0" timestamp="01 Jul 2023 03:39:14 GMT" skipped="0">
  <testcase classname="MavenDemo1" name="login" time="7.665"/>
</testsuite> <!-- MavenDemo1 -->
